<?xml version="1.0" encoding="UTF-8"?>
<testng-results ignored="0" total="2" passed="2" failed="0" skipped="0">
  <reporter-output>
  </reporter-output>
  <suite started-at="2024-01-11T20:33:59 MST" name="Default suite" finished-at="2024-01-11T20:34:09 MST" duration-ms="9540">
    <groups>
    </groups>
    <test started-at="2024-01-11T20:33:59 MST" name="Default test" finished-at="2024-01-11T20:34:09 MST" duration-ms="9540">
      <class name="Excel.ExcelDataProvider">
        <test-method is-config="true" signature="setup()[pri:0, instance:Excel.ExcelDataProvider@2c35e847]" started-at="2024-01-11T20:34:00 MST" name="setup" finished-at="2024-01-11T20:34:03 MST" duration-ms="3537" status="PASS">
          <reporter-output>
          </reporter-output>
        </test-method> <!-- setup -->
        <test-method signature="search(java.lang.String,java.lang.String)[pri:0, instance:Excel.ExcelDataProvider@2c35e847]" started-at="2024-01-11T20:34:03 MST" name="search" data-provider="excel-data" finished-at="2024-01-11T20:34:05 MST" duration-ms="2062" status="PASS">
          <params>
            <param index="0">
              <value>
                <![CDATA[Selenium]]>
              </value>
            </param>
            <param index="1">
              <value>
                <![CDATA[Nodia]]>
              </value>
            </param>
          </params>
          <reporter-output>
          </reporter-output>
        </test-method> <!-- search -->
        <test-method is-config="true" signature="setup()[pri:0, instance:Excel.ExcelDataProvider@2c35e847]" started-at="2024-01-11T20:34:05 MST" name="setup" finished-at="2024-01-11T20:34:09 MST" duration-ms="3354" status="PASS">
          <reporter-output>
          </reporter-output>
        </test-method> <!-- setup -->
        <test-method signature="search(java.lang.String,java.lang.String)[pri:0, instance:Excel.ExcelDataProvider@2c35e847]" started-at="2024-01-11T20:34:09 MST" name="search" data-provider="excel-data" finished-at="2024-01-11T20:34:09 MST" duration-ms="207" status="PASS">
          <params>
            <param index="0">
              <value>
                <![CDATA[QTP]]>
              </value>
            </param>
            <param index="1">
              <value>
                <![CDATA[Banglore]]>
              </value>
            </param>
          </params>
          <reporter-output>
          </reporter-output>
        </test-method> <!-- search -->
      </class> <!-- Excel.ExcelDataProvider -->
    </test> <!-- Default test -->
  </suite> <!-- Default suite -->
</testng-results>
